2025-09-15 11:04:33 | INFO     | utils.logger:setup_logger:42 - Logger initialized successfully
2025-09-15 11:04:33 | INFO     | pipeline.orchestrator:_validate_config:179 - Configuration validation passed
2025-09-15 11:04:33 | INFO     | data_ingestion.text_loader:__init__:28 - TextLoader initialized with formats: ['.txt', '.md', '.html', '.pdf']
2025-09-15 11:04:33 | INFO     | data_ingestion.image_loader:__init__:29 - ImageLoader initialized with formats: ['.jpg', '.jpeg', '.png', '.bmp', '.tiff', '.webp']
2025-09-15 11:04:33 | INFO     | data_ingestion.structured_data_loader:__init__:27 - StructuredDataLoader initialized with formats: ['.csv', '.json', '.xlsx', '.xls', '.jsonl', '.tsv']
2025-09-15 11:04:33 | INFO     | data_processing.text_cleaner:__init__:47 - TextCleaner initialized
2025-09-15 11:04:33 | INFO     | data_processing.text_cleaner:__init__:47 - TextCleaner initialized
2025-09-15 11:04:33 | WARNING  | knowledge_extraction.entity_extractor:_load_model:60 - spaCy not available. Using pattern-based extraction only.
2025-09-15 11:04:33 | INFO     | knowledge_extraction.entity_extractor:__init__:53 - EntityExtractor initialized with spacy model
2025-09-15 11:04:33 | INFO     | data_processing.text_cleaner:__init__:47 - TextCleaner initialized
2025-09-15 11:04:33 | INFO     | knowledge_extraction.relation_extractor:__init__:55 - RelationExtractor initialized with pattern approach
2025-09-15 11:04:33 | INFO     | knowledge_graph.kg_builder:__init__:65 - KnowledgeGraphBuilder initialized with networkx backend
2025-09-15 11:04:33 | INFO     | pipeline.orchestrator:__init__:148 - AI-FS-KG-Gen pipeline initialized
2025-09-15 11:04:33 | INFO     | pipeline.orchestrator:run:246 - Starting AI-FS-KG-Gen pipeline execution
2025-09-15 11:04:33 | INFO     | pipeline.orchestrator:run:250 - Step 1: Data ingestion
2025-09-15 11:04:33 | INFO     | data_ingestion.text_loader:load_directory:88 - Loading text files from directory: /tmp/tmp1s4btp0i
2025-09-15 11:04:33 | INFO     | data_ingestion.text_loader:load_file:45 - Loading text file: /tmp/tmp1s4btp0i/test.txt
2025-09-15 11:04:33 | INFO     | data_ingestion.text_loader:load_file:45 - Loading text file: /tmp/tmp1s4btp0i/empty.txt
2025-09-15 11:04:33 | INFO     | pipeline.orchestrator:_ingest_data:301 - Ingested 2 data items
2025-09-15 11:04:33 | INFO     | pipeline.orchestrator:run:254 - Step 2: Data processing
2025-09-15 11:04:33 | INFO     | pipeline.orchestrator:_process_data:384 - Processed 2 data items
2025-09-15 11:04:33 | INFO     | pipeline.orchestrator:run:258 - Step 3: Knowledge extraction
2025-09-15 11:04:33 | INFO     | pipeline.orchestrator:_extract_knowledge:496 - Extracted 1 entities and 1 relations
2025-09-15 11:04:33 | INFO     | pipeline.orchestrator:run:262 - Step 4: Knowledge graph construction
2025-09-15 11:04:33 | INFO     | knowledge_graph.kg_builder:build_from_extractions:256 - Building knowledge graph from extractions
2025-09-15 11:04:33 | INFO     | knowledge_graph.kg_builder:build_from_extractions:296 - Built knowledge graph: {'entities_added': 1, 'relations_added': 1, 'total_entities': 3, 'total_relations': 1}
2025-09-15 11:04:33 | INFO     | pipeline.orchestrator:_build_knowledge_graph:534 - Built knowledge graph with {'entities_added': 1, 'relations_added': 1, 'total_entities': 3, 'total_relations': 1}
2025-09-15 11:04:33 | INFO     | pipeline.orchestrator:run:266 - Step 5: Output generation
2025-09-15 11:04:33 | INFO     | knowledge_graph.kg_builder:export_graph:435 - Exported knowledge graph to /home/runner/work/AI-FS-KG-Gen/AI-FS-KG-Gen/output/knowledge_graph_20250915_110433.json
2025-09-15 11:04:33 | INFO     | pipeline.orchestrator:_generate_outputs:561 - Generated outputs in /home/runner/work/AI-FS-KG-Gen/AI-FS-KG-Gen/output
2025-09-15 11:04:33 | INFO     | pipeline.orchestrator:run:272 - Pipeline execution completed successfully
2025-09-15 11:05:15 | INFO     | utils.logger:setup_logger:42 - Logger initialized successfully
2025-09-15 11:05:15 | INFO     | utils.logger:setup_logger:42 - Logger initialized successfully
2025-09-15 11:05:15 | INFO     | pipeline.orchestrator:_validate_config:179 - Configuration validation passed
2025-09-15 11:05:15 | INFO     | data_ingestion.text_loader:__init__:28 - TextLoader initialized with formats: ['.txt', '.md', '.html', '.pdf']
2025-09-15 11:05:15 | INFO     | data_ingestion.image_loader:__init__:29 - ImageLoader initialized with formats: ['.jpg', '.jpeg', '.png', '.bmp', '.tiff', '.webp']
2025-09-15 11:05:15 | INFO     | data_ingestion.structured_data_loader:__init__:27 - StructuredDataLoader initialized with formats: ['.csv', '.json', '.xlsx', '.xls', '.jsonl', '.tsv']
2025-09-15 11:05:15 | INFO     | data_processing.text_cleaner:__init__:47 - TextCleaner initialized
2025-09-15 11:05:15 | INFO     | data_processing.text_cleaner:__init__:47 - TextCleaner initialized
2025-09-15 11:05:15 | WARNING  | knowledge_extraction.entity_extractor:_load_model:60 - spaCy not available. Using pattern-based extraction only.
2025-09-15 11:05:15 | INFO     | knowledge_extraction.entity_extractor:__init__:53 - EntityExtractor initialized with spacy model
2025-09-15 11:05:15 | INFO     | data_processing.text_cleaner:__init__:47 - TextCleaner initialized
2025-09-15 11:05:15 | INFO     | knowledge_extraction.relation_extractor:__init__:55 - RelationExtractor initialized with pattern approach
2025-09-15 11:05:15 | INFO     | knowledge_graph.kg_builder:__init__:65 - KnowledgeGraphBuilder initialized with networkx backend
2025-09-15 11:05:15 | INFO     | pipeline.orchestrator:__init__:148 - AI-FS-KG-Gen pipeline initialized
2025-09-15 11:05:15 | INFO     | pipeline.orchestrator:run:246 - Starting AI-FS-KG-Gen pipeline execution
2025-09-15 11:05:15 | INFO     | pipeline.orchestrator:run:250 - Step 1: Data ingestion
2025-09-15 11:05:15 | INFO     | data_ingestion.text_loader:load_directory:88 - Loading text files from directory: /tmp/tmpfzscs3o2
2025-09-15 11:05:15 | INFO     | data_ingestion.text_loader:load_file:45 - Loading text file: /tmp/tmpfzscs3o2/test.txt
2025-09-15 11:05:15 | INFO     | data_ingestion.text_loader:load_file:45 - Loading text file: /tmp/tmpfzscs3o2/empty.txt
2025-09-15 11:05:15 | INFO     | pipeline.orchestrator:_ingest_data:301 - Ingested 2 data items
2025-09-15 11:05:15 | INFO     | pipeline.orchestrator:run:254 - Step 2: Data processing
2025-09-15 11:05:15 | INFO     | pipeline.orchestrator:_process_data:384 - Processed 2 data items
2025-09-15 11:05:15 | INFO     | pipeline.orchestrator:run:258 - Step 3: Knowledge extraction
2025-09-15 11:05:15 | INFO     | pipeline.orchestrator:_extract_knowledge:496 - Extracted 1 entities and 1 relations
2025-09-15 11:05:15 | INFO     | pipeline.orchestrator:run:262 - Step 4: Knowledge graph construction
2025-09-15 11:05:15 | INFO     | knowledge_graph.kg_builder:build_from_extractions:256 - Building knowledge graph from extractions
2025-09-15 11:05:15 | INFO     | knowledge_graph.kg_builder:build_from_extractions:296 - Built knowledge graph: {'entities_added': 1, 'relations_added': 1, 'total_entities': 3, 'total_relations': 1}
2025-09-15 11:05:15 | INFO     | pipeline.orchestrator:_build_knowledge_graph:534 - Built knowledge graph with {'entities_added': 1, 'relations_added': 1, 'total_entities': 3, 'total_relations': 1}
2025-09-15 11:05:15 | INFO     | pipeline.orchestrator:run:266 - Step 5: Output generation
2025-09-15 11:05:15 | INFO     | knowledge_graph.kg_builder:export_graph:435 - Exported knowledge graph to /home/runner/work/AI-FS-KG-Gen/AI-FS-KG-Gen/output/knowledge_graph_20250915_110515.json
2025-09-15 11:05:15 | INFO     | pipeline.orchestrator:_generate_outputs:561 - Generated outputs in /home/runner/work/AI-FS-KG-Gen/AI-FS-KG-Gen/output
2025-09-15 11:05:15 | INFO     | pipeline.orchestrator:run:272 - Pipeline execution completed successfully
2025-09-15 11:07:00 | INFO     | utils.logger:setup_logger:42 - Logger initialized successfully
2025-09-15 11:07:00 | INFO     | pipeline.orchestrator:_validate_config:179 - Configuration validation passed
2025-09-15 11:07:00 | INFO     | data_ingestion.text_loader:__init__:28 - TextLoader initialized with formats: ['.txt', '.md', '.html', '.pdf']
2025-09-15 11:07:00 | INFO     | data_ingestion.image_loader:__init__:29 - ImageLoader initialized with formats: ['.jpg', '.jpeg', '.png', '.bmp', '.tiff', '.webp']
2025-09-15 11:07:00 | INFO     | data_ingestion.structured_data_loader:__init__:27 - StructuredDataLoader initialized with formats: ['.csv', '.json', '.xlsx', '.xls', '.jsonl', '.tsv']
2025-09-15 11:07:00 | INFO     | data_processing.text_cleaner:__init__:47 - TextCleaner initialized
2025-09-15 11:07:00 | INFO     | data_processing.text_cleaner:__init__:47 - TextCleaner initialized
2025-09-15 11:07:00 | WARNING  | knowledge_extraction.entity_extractor:_load_model:60 - spaCy not available. Using pattern-based extraction only.
2025-09-15 11:07:00 | INFO     | knowledge_extraction.entity_extractor:__init__:53 - EntityExtractor initialized with spacy model
2025-09-15 11:07:00 | INFO     | data_processing.text_cleaner:__init__:47 - TextCleaner initialized
2025-09-15 11:07:00 | INFO     | knowledge_extraction.relation_extractor:__init__:55 - RelationExtractor initialized with pattern approach
2025-09-15 11:07:00 | INFO     | knowledge_graph.kg_builder:__init__:65 - KnowledgeGraphBuilder initialized with networkx backend
2025-09-15 11:07:00 | INFO     | pipeline.orchestrator:__init__:148 - AI-FS-KG-Gen pipeline initialized
2025-09-15 11:07:00 | INFO     | pipeline.orchestrator:run:246 - Starting AI-FS-KG-Gen pipeline execution
2025-09-15 11:07:00 | INFO     | pipeline.orchestrator:run:250 - Step 1: Data ingestion
2025-09-15 11:07:00 | INFO     | data_ingestion.text_loader:load_directory:88 - Loading text files from directory: /home/runner/work/AI-FS-KG-Gen/AI-FS-KG-Gen/examples/sample_data
2025-09-15 11:07:00 | INFO     | data_ingestion.text_loader:load_file:45 - Loading text file: /home/runner/work/AI-FS-KG-Gen/AI-FS-KG-Gen/examples/sample_data/sample_text_2.txt
2025-09-15 11:07:00 | INFO     | data_ingestion.text_loader:load_file:45 - Loading text file: /home/runner/work/AI-FS-KG-Gen/AI-FS-KG-Gen/examples/sample_data/sample_text_3.txt
2025-09-15 11:07:00 | INFO     | data_ingestion.text_loader:load_file:45 - Loading text file: /home/runner/work/AI-FS-KG-Gen/AI-FS-KG-Gen/examples/sample_data/bacterial_contamination.txt
2025-09-15 11:07:00 | INFO     | data_ingestion.text_loader:load_file:45 - Loading text file: /home/runner/work/AI-FS-KG-Gen/AI-FS-KG-Gen/examples/sample_data/food_allergens.txt
2025-09-15 11:07:00 | INFO     | data_ingestion.text_loader:load_file:45 - Loading text file: /home/runner/work/AI-FS-KG-Gen/AI-FS-KG-Gen/examples/sample_data/listeria_prevention.txt
2025-09-15 11:07:00 | INFO     | data_ingestion.text_loader:load_file:45 - Loading text file: /home/runner/work/AI-FS-KG-Gen/AI-FS-KG-Gen/examples/sample_data/sample_text_1.txt
2025-09-15 11:07:00 | INFO     | data_ingestion.text_loader:load_file:45 - Loading text file: /home/runner/work/AI-FS-KG-Gen/AI-FS-KG-Gen/examples/sample_data/salmonella_outbreak.txt
2025-09-15 11:07:00 | INFO     | pipeline.orchestrator:_ingest_data:301 - Ingested 7 data items
2025-09-15 11:07:00 | INFO     | pipeline.orchestrator:run:254 - Step 2: Data processing
2025-09-15 11:07:00 | INFO     | pipeline.orchestrator:_process_data:384 - Processed 7 data items
2025-09-15 11:07:00 | INFO     | pipeline.orchestrator:run:258 - Step 3: Knowledge extraction
2025-09-15 11:07:00 | INFO     | pipeline.orchestrator:_extract_knowledge:496 - Extracted 86 entities and 24 relations
2025-09-15 11:07:00 | INFO     | pipeline.orchestrator:run:262 - Step 4: Knowledge graph construction
2025-09-15 11:07:00 | INFO     | knowledge_graph.kg_builder:build_from_extractions:256 - Building knowledge graph from extractions
2025-09-15 11:07:00 | INFO     | knowledge_graph.kg_builder:build_from_extractions:296 - Built knowledge graph: {'entities_added': 38, 'relations_added': 24, 'total_entities': 127, 'total_relations': 24}
2025-09-15 11:07:00 | INFO     | pipeline.orchestrator:_build_knowledge_graph:534 - Built knowledge graph with {'entities_added': 38, 'relations_added': 24, 'total_entities': 127, 'total_relations': 24}
2025-09-15 11:07:00 | INFO     | pipeline.orchestrator:run:266 - Step 5: Output generation
2025-09-15 11:07:00 | INFO     | knowledge_graph.kg_builder:export_graph:435 - Exported knowledge graph to /home/runner/work/AI-FS-KG-Gen/AI-FS-KG-Gen/output/knowledge_graph_20250915_110700.json
2025-09-15 11:07:00 | INFO     | pipeline.orchestrator:_generate_outputs:561 - Generated outputs in /home/runner/work/AI-FS-KG-Gen/AI-FS-KG-Gen/output
2025-09-15 11:07:00 | INFO     | pipeline.orchestrator:run:272 - Pipeline execution completed successfully
